SCR1:[DAVISON.PPLUS.V1_1.TMAP_SOURCE.INCLUDE]AXIS.INC;1
SCR1:[DAVISON.PPLUS.V1_1.TMAP_SOURCE.INCLUDE]AXISL.INC;1
SCR1:[DAVISON.PPLUS.V1_1.TMAP_SOURCE.INCLUDE]AXLWID.INC;1
SCR1:[DAVISON.PPLUS.V1_1.TMAP_SOURCE.INCLUDE]BIBO.COM;1
SCR1:[DAVISON.PPLUS.V1_1.TMAP_SOURCE.INCLUDE]BIBO.DAT;1
SCR1:[DAVISON.PPLUS.V1_1.TMAP_SOURCE.INCLUDE]CDFTN5.INC;1
SCR1:[DAVISON.PPLUS.V1_1.TMAP_SOURCE.INCLUDE]CEFTN5.INC;1
SCR1:[DAVISON.PPLUS.V1_1.TMAP_SOURCE.INCLUDE]CMDCOM.INC;1
SCR1:[DAVISON.PPLUS.V1_1.TMAP_SOURCE.INCLUDE]CMRD.INC;1
SCR1:[DAVISON.PPLUS.V1_1.TMAP_SOURCE.INCLUDE]CMRDL.INC;1
SCR1:[DAVISON.PPLUS.V1_1.TMAP_SOURCE.INCLUDE]CMSTRT.INC;1
SCR1:[DAVISON.PPLUS.V1_1.TMAP_SOURCE.INCLUDE]COMDATF.INC;1
SCR1:[DAVISON.PPLUS.V1_1.TMAP_SOURCE.INCLUDE]COMEPL.INC;1
SCR1:[DAVISON.PPLUS.V1_1.TMAP_SOURCE.INCLUDE]COMEPS.INC;1
SCR1:[DAVISON.PPLUS.V1_1.TMAP_SOURCE.INCLUDE]COMEPV.INC;1
SCR1:[DAVISON.PPLUS.V1_1.TMAP_SOURCE.INCLUDE]COMTHDR.INC;1
SCR1:[DAVISON.PPLUS.V1_1.TMAP_SOURCE.INCLUDE]COMVAR.INC;1
SCR1:[DAVISON.PPLUS.V1_1.TMAP_SOURCE.INCLUDE]CONLAB.INC;1
SCR1:[DAVISON.PPLUS.V1_1.TMAP_SOURCE.INCLUDE]CONT.INC;1
SCR1:[DAVISON.PPLUS.V1_1.TMAP_SOURCE.INCLUDE]CORECM.INC;1
SCR1:[DAVISON.PPLUS.V1_1.TMAP_SOURCE.INCLUDE]CPFTN5.INC;1
SCR1:[DAVISON.PPLUS.V1_1.TMAP_SOURCE.INCLUDE]DASHZZ.INC;1
SCR1:[DAVISON.PPLUS.V1_1.TMAP_SOURCE.INCLUDE]DATA.INC;1
SCR1:[DAVISON.PPLUS.V1_1.TMAP_SOURCE.INCLUDE]DSFCOM.DAT;1
SCR1:[DAVISON.PPLUS.V1_1.TMAP_SOURCE.INCLUDE]DSFSVE.INC;1
SCR1:[DAVISON.PPLUS.V1_1.TMAP_SOURCE.INCLUDE]EPICLUN.INC;1
SCR1:[DAVISON.PPLUS.V1_1.TMAP_SOURCE.INCLUDE]FILNAM.INC;1
SCR1:[DAVISON.PPLUS.V1_1.TMAP_SOURCE.INCLUDE]GKSCM1.INC;1
SCR1:[DAVISON.PPLUS.V1_1.TMAP_SOURCE.INCLUDE]HAB.INC;1
SCR1:[DAVISON.PPLUS.V1_1.TMAP_SOURCE.INCLUDE]HD.INC;1
SCR1:[DAVISON.PPLUS.V1_1.TMAP_SOURCE.INCLUDE]IK.LIS;1
SCR1:[DAVISON.PPLUS.V1_1.TMAP_SOURCE.INCLUDE]LABCOM.INC;1
SCR1:[DAVISON.PPLUS.V1_1.TMAP_SOURCE.INCLUDE]LABELS.INC;1
SCR1:[DAVISON.PPLUS.V1_1.TMAP_SOURCE.INCLUDE]LINES.INC;1
SCR1:[DAVISON.PPLUS.V1_1.TMAP_SOURCE.INCLUDE]LUNITS.INC;1
SCR1:[DAVISON.PPLUS.V1_1.TMAP_SOURCE.INCLUDE]MISS.INC;1
SCR1:[DAVISON.PPLUS.V1_1.TMAP_SOURCE.INCLUDE]MPLOT.INC;1
SCR1:[DAVISON.PPLUS.V1_1.TMAP_SOURCE.INCLUDE]MPLOTS.INC;1
SCR1:[DAVISON.PPLUS.V1_1.TMAP_SOURCE.INCLUDE]MPLOTX.INC;1
SCR1:[DAVISON.PPLUS.V1_1.TMAP_SOURCE.INCLUDE]PARAMPL5.DAT;1
SCR1:[DAVISON.PPLUS.V1_1.TMAP_SOURCE.INCLUDE]PEN.INC;1
SCR1:[DAVISON.PPLUS.V1_1.TMAP_SOURCE.INCLUDE]PLT.INC;1
SCR1:[DAVISON.PPLUS.V1_1.TMAP_SOURCE.INCLUDE]PLTCOM.DAT;1
SCR1:[DAVISON.PPLUS.V1_1.TMAP_SOURCE.INCLUDE]PLTL.INC;1
SCR1:[DAVISON.PPLUS.V1_1.TMAP_SOURCE.INCLUDE]PPL.INC;1
SCR1:[DAVISON.PPLUS.V1_1.TMAP_SOURCE.INCLUDE]PPLDAT.INC;1
SCR1:[DAVISON.PPLUS.V1_1.TMAP_SOURCE.INCLUDE]PRMCOM.INC;1
SCR1:[DAVISON.PPLUS.V1_1.TMAP_SOURCE.INCLUDE]QGCOMMON.INC;1
SCR1:[DAVISON.PPLUS.V1_1.TMAP_SOURCE.INCLUDE]SWITCH.INC;1
SCR1:[DAVISON.PPLUS.V1_1.TMAP_SOURCE.INCLUDE]SYMKEY.INC;1
SCR1:[DAVISON.PPLUS.V1_1.TMAP_SOURCE.INCLUDE]SYSTEM.INC;1
SCR1:[DAVISON.PPLUS.V1_1.TMAP_SOURCE.INCLUDE]TAXIS.INC;1
SCR1:[DAVISON.PPLUS.V1_1.TMAP_SOURCE.INCLUDE]TBLE.INC;1
SCR1:[DAVISON.PPLUS.V1_1.TMAP_SOURCE.INCLUDE]TICS.INC;1
SCR1:[DAVISON.PPLUS.V1_1.TMAP_SOURCE.INCLUDE]TICS2.INC;1
SCR1:[DAVISON.PPLUS.V1_1.TMAP_SOURCE.INCLUDE]VECTOR.INC;1
SCR1:[DAVISON.PPLUS.V1_1.TMAP_SOURCE.INCLUDE]VIEW.INC;1
SCR1:[DAVISON.PPLUS.V1_1.TMAP_SOURCE.INCLUDE]XYLABP.INC;1
SCR1:[DAVISON.PPLUS.V1_1.TMAP_SOURCE.INCLUDE]ZGRID.INC;1
SCR1:[DAVISON.PPLUS.V1_1.TMAP_SOURCE.INCLUDE]ZGRIDD.INC;1

Total of 60 files.
